<?xml version="1.0" encoding="UTF-8"?>
<testng-results skipped="0" failed="0" ignored="0" total="1" passed="1">
  <reporter-output>
  </reporter-output>
  <suite name="Default suite" duration-ms="51169" started-at="2021-10-19T13:40:14Z" finished-at="2021-10-19T13:41:05Z">
    <groups>
    </groups>
    <test name="Default test" duration-ms="51169" started-at="2021-10-19T13:40:14Z" finished-at="2021-10-19T13:41:05Z">
      <class name="sampleTest.MavenSample">
        <test-method status="PASS" signature="testMavenWithSelenium()[pri:0, instance:sampleTest.MavenSample@2bbf180e]" name="testMavenWithSelenium" duration-ms="51074" started-at="2021-10-19T13:40:14Z" finished-at="2021-10-19T13:41:05Z">
          <reporter-output>
          </reporter-output>
        </test-method> <!-- testMavenWithSelenium -->
      </class> <!-- sampleTest.MavenSample -->
    </test> <!-- Default test -->
  </suite> <!-- Default suite -->
</testng-results>
